mode: set
github.com/jm96441n/assetid/assetid/assets_loader.go:22.69,24.16 2 1
github.com/jm96441n/assetid/assetid/assets_loader.go:24.16,26.3 1 1
github.com/jm96441n/assetid/assetid/assets_loader.go:27.2,30.64 3 1
github.com/jm96441n/assetid/assetid/assets_loader.go:30.64,32.3 1 1
github.com/jm96441n/assetid/assetid/assets_loader.go:34.2,36.8 1 1
github.com/jm96441n/assetid/assetid/assets_loader.go:40.48,44.59 3 1
github.com/jm96441n/assetid/assetid/assets_loader.go:44.59,46.3 1 1
github.com/jm96441n/assetid/assetid/assets_loader.go:47.2,47.42 1 1
github.com/jm96441n/assetid/main.go:23.13,32.60 5 0
github.com/jm96441n/assetid/main.go:32.60,34.3 1 0
github.com/jm96441n/assetid/main.go:38.55,41.16 2 1
github.com/jm96441n/assetid/main.go:41.16,43.3 1 0
github.com/jm96441n/assetid/main.go:45.2,52.53 3 1
github.com/jm96441n/assetid/main.go:52.53,54.3 1 0
github.com/jm96441n/assetid/main.go:57.2,57.86 1 1
github.com/jm96441n/assetid/main.go:57.86,58.17 1 1
github.com/jm96441n/assetid/main.go:58.17,60.4 1 0
github.com/jm96441n/assetid/main.go:63.3,63.19 1 1
github.com/jm96441n/assetid/main.go:63.19,65.4 1 1
github.com/jm96441n/assetid/main.go:68.3,69.17 2 1
github.com/jm96441n/assetid/main.go:69.17,71.4 1 0
github.com/jm96441n/assetid/main.go:74.3,75.17 2 1
github.com/jm96441n/assetid/main.go:75.17,77.4 1 0
github.com/jm96441n/assetid/main.go:80.3,89.54 6 1
github.com/jm96441n/assetid/main.go:89.54,91.4 1 0
github.com/jm96441n/assetid/main.go:93.3,94.17 2 1
github.com/jm96441n/assetid/main.go:94.17,96.4 1 0
github.com/jm96441n/assetid/main.go:98.3,98.19 1 1
github.com/jm96441n/assetid/main.go:98.19,100.18 2 1
github.com/jm96441n/assetid/main.go:100.18,102.5 1 0
github.com/jm96441n/assetid/main.go:106.3,106.67 1 1
github.com/jm96441n/assetid/main.go:106.67,108.4 1 0
github.com/jm96441n/assetid/main.go:111.3,114.13 3 1
github.com/jm96441n/assetid/main.go:116.2,116.16 1 1
github.com/jm96441n/assetid/main.go:116.16,118.3 1 0
github.com/jm96441n/assetid/main.go:121.2,122.16 2 1
github.com/jm96441n/assetid/main.go:122.16,124.3 1 0
github.com/jm96441n/assetid/main.go:125.2,129.49 4 1
github.com/jm96441n/assetid/main.go:129.49,131.3 1 0
github.com/jm96441n/assetid/main.go:133.2,134.12 2 1
github.com/jm96441n/assetid/main.go:137.50,139.16 2 1
github.com/jm96441n/assetid/main.go:139.16,141.3 1 0
github.com/jm96441n/assetid/main.go:142.2,145.16 3 1
github.com/jm96441n/assetid/main.go:145.16,147.3 1 0
github.com/jm96441n/assetid/main.go:148.2,148.24 1 1
github.com/jm96441n/assetid/main.go:151.57,153.16 2 1
github.com/jm96441n/assetid/main.go:153.16,155.3 1 1
github.com/jm96441n/assetid/main.go:156.2,159.47 3 1
github.com/jm96441n/assetid/main.go:159.47,161.3 1 0
github.com/jm96441n/assetid/main.go:163.2,163.48 1 1
github.com/jm96441n/assetid/main.go:166.54,171.16 4 1
github.com/jm96441n/assetid/main.go:171.16,173.3 1 1
github.com/jm96441n/assetid/main.go:175.2,175.22 1 1
github.com/jm96441n/assetid/main.go:178.54,180.16 2 1
github.com/jm96441n/assetid/main.go:180.16,182.3 1 1
github.com/jm96441n/assetid/main.go:183.2,186.16 3 1
github.com/jm96441n/assetid/main.go:186.16,188.3 1 0
github.com/jm96441n/assetid/main.go:189.2,189.12 1 1
